-------------------------------------------------------------------------------
Test set: TestSuite
-------------------------------------------------------------------------------
Tests run: 2, Failures: 1, Errors: 0, Skipped: 0, Time elapsed: 1.788 s <<< FAILURE! - in TestSuite
jira.TestJira.createIssue  Time elapsed: 1.265 s  <<< FAILURE!
java.lang.AssertionError: 
1 expectation failed.
Expected status code <201> but was <400>.

	at jira.TestJira.createIssue(TestJira.java:12)

