<?xml version="1.0" encoding="UTF-8"?>
<testng-results skipped="0" failed="0" ignored="0" total="2" passed="2">
  <reporter-output>
  </reporter-output>
  <suite name="Base" duration-ms="1776" started-at="2020-06-14T09:16:14 IST" finished-at="2020-06-14T09:16:16 IST">
    <groups>
    </groups>
    <test name="Test" duration-ms="1776" started-at="2020-06-14T09:16:14 IST" finished-at="2020-06-14T09:16:16 IST">
      <class name="jira.TestJira">
        <test-method status="PASS" signature="initializeURL()[pri:0, instance:jira.TestJira@6fc6f14e]" name="initializeURL" is-config="true" duration-ms="1274" started-at="2020-06-14T09:16:14 IST" finished-at="2020-06-14T09:16:15 IST">
          <reporter-output>
          </reporter-output>
        </test-method> <!-- initializeURL -->
        <test-method status="PASS" signature="createIssue()[pri:1, instance:jira.TestJira@6fc6f14e]" name="createIssue" duration-ms="430" started-at="2020-06-14T09:16:15 IST" finished-at="2020-06-14T09:16:16 IST">
          <reporter-output>
          </reporter-output>
        </test-method> <!-- createIssue -->
        <test-method status="PASS" signature="deleteIssue()[pri:2, instance:jira.TestJira@6fc6f14e]" name="deleteIssue" duration-ms="40" started-at="2020-06-14T09:16:16 IST" finished-at="2020-06-14T09:16:16 IST">
          <reporter-output>
          </reporter-output>
        </test-method> <!-- deleteIssue -->
      </class> <!-- jira.TestJira -->
    </test> <!-- Test -->
  </suite> <!-- Base -->
</testng-results>
