<?xml version="1.0" encoding="UTF-8"?>
<testsuite xmlns:xsi="http://www.w3.org/2001/XMLSchema-instance" xsi:noNamespaceSchemaLocation="https://maven.apache.org/surefire/maven-surefire-plugin/xsd/surefire-test-report-3.0.xsd" version="3.0" name="TestSuite" time="1.788" tests="2" errors="0" skipped="0" failures="1">
  <properties>
[...]
</properties>
  <testcase name="createIssue" classname="jira.TestJira" time="1.265">
    <failure message="1 expectation failed.&#10;Expected status code &lt;201&gt; but was &lt;400&gt;.&#10;" type="java.lang.AssertionError"><![CDATA[java.lang.AssertionError: 
1 expectation failed.
Expected status code <201> but was <400>.

	at jira.TestJira.createIssue(TestJira.java:12)
]]></failure>
    <system-out><![CDATA[HTTP/1.1 400 
X-AREQUESTID: 1400x4634x1
X-XSS-Protection: 1; mode=block
X-Content-Type-Options: nosniff
X-Frame-Options: SAMEORIGIN
Content-Security-Policy: frame-ancestors 'self'
X-ASEN: SEN-L15558808
Set-Cookie: atlassian.xsrf.token=B8ZJ-CQZI-S1S2-YIXV_05c8eda8fcbdabeee5ec11420d49ded9a8e763dc_lout; Path=/
X-AUSERNAME: anonymous
Cache-Control: no-cache, no-store, no-transform
Content-Encoding: gzip
Vary: User-Agent
Content-Type: application/json;charset=UTF-8
Transfer-Encoding: chunked
Date: Sat, 13 Jun 2020 17:50:17 GMT
Connection: close

{
    "errorMessages": [
        
    ],
    "errors": {
        "summary": "Field 'summary' cannot be set. It is not on the appropriate screen, or unknown."
    }
}
]]></system-out>
  </testcase>
  <testcase name="deleteIssue" classname="jira.TestJira" time="0.001"/>
</testsuite>