<?xml version="1.0" encoding="UTF-8"?>
<testng-results skipped="0" failed="0" ignored="0" total="2" passed="2">
  <reporter-output>
  </reporter-output>
  <suite name="Base" duration-ms="1994" started-at="2020-06-14T09:15:10 IST" finished-at="2020-06-14T09:15:12 IST">
    <groups>
    </groups>
    <test name="Test" duration-ms="1994" started-at="2020-06-14T09:15:10 IST" finished-at="2020-06-14T09:15:12 IST">
      <class name="jira.TestJira">
        <test-method status="PASS" signature="initializeURL()[pri:0, instance:jira.TestJira@2d8f65a4]" name="initializeURL" is-config="true" duration-ms="1560" started-at="2020-06-14T09:15:10 IST" finished-at="2020-06-14T09:15:12 IST">
          <reporter-output>
          </reporter-output>
        </test-method> <!-- initializeURL -->
        <test-method status="PASS" signature="createIssue()[pri:1, instance:jira.TestJira@2d8f65a4]" name="createIssue" duration-ms="365" started-at="2020-06-14T09:15:12 IST" finished-at="2020-06-14T09:15:12 IST">
          <reporter-output>
          </reporter-output>
        </test-method> <!-- createIssue -->
        <test-method status="PASS" signature="deleteIssue()[pri:2, instance:jira.TestJira@2d8f65a4]" name="deleteIssue" duration-ms="36" started-at="2020-06-14T09:15:12 IST" finished-at="2020-06-14T09:15:12 IST">
          <reporter-output>
          </reporter-output>
        </test-method> <!-- deleteIssue -->
      </class> <!-- jira.TestJira -->
    </test> <!-- Test -->
  </suite> <!-- Base -->
</testng-results>
